<?xml version="1.0" encoding="UTF-8"?>
<!-- Generated by org.testng.reporters.JUnitReportReporter -->
<testsuite hostname="LAPTOP-AG6F347P" failures="0" tests="3" name="LoginPageTest" time="1.525" errors="0" timestamp="06 Jul 2022 03:15:56 GMT" skipped="0">
  <testcase classname="LoginPageTest" name="loginPageNavigationTest" time="0.570"/>
  <testcase classname="LoginPageTest" name="forgotPwdLinkExistTest" time="0.104"/>
  <testcase classname="LoginPageTest" name="appLoginTest" time="0.851"/>
</testsuite> <!-- LoginPageTest -->
