<?xml version="1.0" encoding="UTF-8"?>
<!-- Generated by org.testng.reporters.JUnitReportReporter -->
<testsuite hostname="LAPTOP-AG6F347P" failures="0" tests="5" name="com.qa.opencart.tests.HomePageTest" time="2.870" errors="0" timestamp="16 Jun 2022 16:22:08 GMT" skipped="0">
  <testcase classname="com.qa.opencart.tests.HomePageTest" name="homePageTitleTest" time="0.015"/>
  <testcase classname="com.qa.opencart.tests.HomePageTest" name="searchtest" time="1.526"/>
  <testcase classname="com.qa.opencart.tests.HomePageTest" name="searchtest" time="0.771"/>
  <testcase classname="com.qa.opencart.tests.HomePageTest" name="searchtest" time="0.557"/>
  <testcase classname="com.qa.opencart.tests.HomePageTest" name="homePageURLTest" time="0.001"/>
</testsuite> <!-- com.qa.opencart.tests.HomePageTest -->
