<?xml version="1.0" encoding="UTF-8"?>
<!-- Generated by org.testng.reporters.JUnitReportReporter -->
<testsuite hostname="LAPTOP-AG6F347P" failures="0" tests="5" name="com.qa.opencart.tests.HomePageTest" time="1.801" errors="0" timestamp="26 Jun 2022 17:24:51 GMT" skipped="0">
  <testcase classname="com.qa.opencart.tests.HomePageTest" name="searchtest" time="0.678"/>
  <testcase classname="com.qa.opencart.tests.HomePageTest" name="searchtest" time="0.544"/>
  <testcase classname="com.qa.opencart.tests.HomePageTest" name="homePageTitleTest" time="0.017"/>
  <testcase classname="com.qa.opencart.tests.HomePageTest" name="homePageURLTest" time="0.001"/>
  <testcase classname="com.qa.opencart.tests.HomePageTest" name="searchtest" time="0.561"/>
</testsuite> <!-- com.qa.opencart.tests.HomePageTest -->
