<?xml version="1.0" encoding="UTF-8"?>
<!-- Generated by org.testng.reporters.JUnitReportReporter -->
<testsuite hostname="LAPTOP-AG6F347P" failures="0" tests="5" name="com.qa.opencart.tests.HomePageTest" time="2.153" errors="0" timestamp="21 Jun 2022 01:46:15 GMT" skipped="0">
  <testcase classname="com.qa.opencart.tests.HomePageTest" name="searchtest" time="0.629"/>
  <testcase classname="com.qa.opencart.tests.HomePageTest" name="searchtest" time="0.746"/>
  <testcase classname="com.qa.opencart.tests.HomePageTest" name="homePageURLTest" time="0.002"/>
  <testcase classname="com.qa.opencart.tests.HomePageTest" name="searchtest" time="0.748"/>
  <testcase classname="com.qa.opencart.tests.HomePageTest" name="homePageTitleTest" time="0.028"/>
</testsuite> <!-- com.qa.opencart.tests.HomePageTest -->
