<?xml version="1.0" encoding="UTF-8"?>
<!-- Generated by org.testng.reporters.JUnitReportReporter -->
<testsuite hostname="LAPTOP-AG6F347P" failures="0" tests="5" name="com.qa.opencart.tests.HomePageTest" time="4.416" errors="0" timestamp="21 Oct 2022 23:22:08 GMT" skipped="0">
  <testcase classname="com.qa.opencart.tests.HomePageTest" name="searchtest" time="1.675"/>
  <testcase classname="com.qa.opencart.tests.HomePageTest" name="homePageURLTest" time="0.002"/>
  <testcase classname="com.qa.opencart.tests.HomePageTest" name="searchtest" time="1.696"/>
  <testcase classname="com.qa.opencart.tests.HomePageTest" name="homePageTitleTest" time="0.020"/>
  <testcase classname="com.qa.opencart.tests.HomePageTest" name="searchtest" time="1.023"/>
</testsuite> <!-- com.qa.opencart.tests.HomePageTest -->
