<?xml version="1.0" encoding="UTF-8"?>
<!-- Generated by org.testng.reporters.JUnitReportReporter -->
<testsuite hostname="LAPTOP-AG6F347P" failures="0" tests="5" name="com.qa.opencart.tests.HomePageTest" time="2.280" errors="0" timestamp="06 Jul 2022 03:23:47 GMT" skipped="0">
  <testcase classname="com.qa.opencart.tests.HomePageTest" name="homePageURLTest" time="0.001"/>
  <testcase classname="com.qa.opencart.tests.HomePageTest" name="searchtest" time="0.882"/>
  <testcase classname="com.qa.opencart.tests.HomePageTest" name="searchtest" time="0.701"/>
  <testcase classname="com.qa.opencart.tests.HomePageTest" name="searchtest" time="0.675"/>
  <testcase classname="com.qa.opencart.tests.HomePageTest" name="homePageTitleTest" time="0.021"/>
</testsuite> <!-- com.qa.opencart.tests.HomePageTest -->
